-- Found ament_cmake: 1.3.12 (/opt/ros/humble/share/ament_cmake/cmake)
-- Found rclcpp: 16.0.15 (/opt/ros/humble/share/rclcpp/cmake)
-- Found rosidl_generator_c: 3.1.7 (/opt/ros/humble/share/rosidl_generator_c/cmake)
-- Found rosidl_adapter: 3.1.7 (/opt/ros/humble/share/rosidl_adapter/cmake)
-- Found rosidl_generator_cpp: 3.1.7 (/opt/ros/humble/share/rosidl_generator_cpp/cmake)
-- Using all available rosidl_typesupport_c: rosidl_typesupport_fastrtps_c;rosidl_typesupport_introspection_c
-- Using all available rosidl_typesupport_cpp: rosidl_typesupport_fastrtps_cpp;rosidl_typesupport_introspection_cpp
-- Found rmw_implementation_cmake: 6.1.2 (/opt/ros/humble/share/rmw_implementation_cmake/cmake)
-- Found rmw_fastrtps_cpp: 6.2.9 (/opt/ros/humble/share/rmw_fastrtps_cpp/cmake)
-- Using RMW implementation 'rmw_fastrtps_cpp' as default
-- Found sensor_msgs: 4.9.0 (/opt/ros/humble/share/sensor_msgs/cmake)
-- Found nav_msgs: 4.9.0 (/opt/ros/humble/share/nav_msgs/cmake)
-- Found tf2_ros: 0.25.16 (/opt/ros/humble/share/tf2_ros/cmake)
-- Found tf2_geometry_msgs: 0.25.16 (/opt/ros/humble/share/tf2_geometry_msgs/cmake)
-- Found eigen3_cmake_module: 0.1.1 (/opt/ros/humble/share/eigen3_cmake_module/cmake)
-- Ensuring Eigen3 include directory is part of orocos-kdl CMake target
-- Found nav2_msgs: 1.1.19 (/opt/ros/humble/share/nav2_msgs/cmake)
-- Configuring done
-- Generating done
-- Build files have been written to: /home/agness/ros2_ws/src/simple_rviz_clone/build/simple_rviz_clone
[35m[1mConsolidate compiler generated dependencies of target simple_rviz_node[0m
[ 20%] [32mBuilding CXX object CMakeFiles/mouse_test.dir/src/mouse_test.cpp.o[0m
[ 40%] [32mBuilding CXX object CMakeFiles/simple_rviz_node.dir/src/visualizer.cpp.o[0m
[ 60%] [32mBuilding CXX object CMakeFiles/simple_rviz_node.dir/src/main.cpp.o[0m
[ 80%] [32m[1mLinking CXX executable mouse_test[0m
[ 80%] Built target mouse_test
[100%] [32m[1mLinking CXX executable simple_rviz_node[0m
[100%] Built target simple_rviz_node
-- Install configuration: ""
-- Installing: /home/agness/ros2_ws/src/simple_rviz_clone/install/simple_rviz_clone/lib/simple_rviz_clone/simple_rviz_node
-- Set runtime path of "/home/agness/ros2_ws/src/simple_rviz_clone/install/simple_rviz_clone/lib/simple_rviz_clone/simple_rviz_node" to ""
-- Up-to-date: /home/agness/ros2_ws/src/simple_rviz_clone/install/simple_rviz_clone/include/
-- Up-to-date: /home/agness/ros2_ws/src/simple_rviz_clone/install/simple_rviz_clone/include//simple_rviz_clone
-- Installing: /home/agness/ros2_ws/src/simple_rviz_clone/install/simple_rviz_clone/include//simple_rviz_clone/visualizer.hpp
-- Installing: /home/agness/ros2_ws/src/simple_rviz_clone/install/simple_rviz_clone/lib/simple_rviz_clone/mouse_test
-- Installing: /home/agness/ros2_ws/src/simple_rviz_clone/install/simple_rviz_clone/share/ament_index/resource_index/package_run_dependencies/simple_rviz_clone
-- Up-to-date: /home/agness/ros2_ws/src/simple_rviz_clone/install/simple_rviz_clone/share/ament_index/resource_index/parent_prefix_path/simple_rviz_clone
-- Installing: /home/agness/ros2_ws/src/simple_rviz_clone/install/simple_rviz_clone/share/simple_rviz_clone/environment/ament_prefix_path.sh
-- Installing: /home/agness/ros2_ws/src/simple_rviz_clone/install/simple_rviz_clone/share/simple_rviz_clone/environment/ament_prefix_path.dsv
-- Installing: /home/agness/ros2_ws/src/simple_rviz_clone/install/simple_rviz_clone/share/simple_rviz_clone/environment/path.sh
-- Installing: /home/agness/ros2_ws/src/simple_rviz_clone/install/simple_rviz_clone/share/simple_rviz_clone/environment/path.dsv
-- Up-to-date: /home/agness/ros2_ws/src/simple_rviz_clone/install/simple_rviz_clone/share/simple_rviz_clone/local_setup.bash
-- Up-to-date: /home/agness/ros2_ws/src/simple_rviz_clone/install/simple_rviz_clone/share/simple_rviz_clone/local_setup.sh
-- Up-to-date: /home/agness/ros2_ws/src/simple_rviz_clone/install/simple_rviz_clone/share/simple_rviz_clone/local_setup.zsh
-- Installing: /home/agness/ros2_ws/src/simple_rviz_clone/install/simple_rviz_clone/share/simple_rviz_clone/local_setup.dsv
-- Installing: /home/agness/ros2_ws/src/simple_rviz_clone/install/simple_rviz_clone/share/simple_rviz_clone/package.dsv
-- Up-to-date: /home/agness/ros2_ws/src/simple_rviz_clone/install/simple_rviz_clone/share/ament_index/resource_index/packages/simple_rviz_clone
-- Up-to-date: /home/agness/ros2_ws/src/simple_rviz_clone/install/simple_rviz_clone/share/simple_rviz_clone/cmake/simple_rviz_cloneConfig.cmake
-- Up-to-date: /home/agness/ros2_ws/src/simple_rviz_clone/install/simple_rviz_clone/share/simple_rviz_clone/cmake/simple_rviz_cloneConfig-version.cmake
-- Installing: /home/agness/ros2_ws/src/simple_rviz_clone/install/simple_rviz_clone/share/simple_rviz_clone/package.xml
