-- The C compiler identification is GNU 11.4.0
-- The CXX compiler identification is GNU 11.4.0
-- Detecting C compiler ABI info
-- Detecting C compiler ABI info - done
-- Check for working C compiler: /usr/bin/cc - skipped
-- Detecting C compile features
-- Detecting C compile features - done
-- Detecting CXX compiler ABI info
-- Detecting CXX compiler ABI info - done
-- Check for working CXX compiler: /usr/bin/c++ - skipped
-- Detecting CXX compile features
-- Detecting CXX compile features - done
-- Found ament_cmake: 1.3.12 (/opt/ros/humble/share/ament_cmake/cmake)
-- Found Python3: /usr/bin/python3 (found version "3.10.12") found components: Interpreter 
-- Found rclcpp: 16.0.15 (/opt/ros/humble/share/rclcpp/cmake)
-- Found rosidl_generator_c: 3.1.7 (/opt/ros/humble/share/rosidl_generator_c/cmake)
-- Found rosidl_adapter: 3.1.7 (/opt/ros/humble/share/rosidl_adapter/cmake)
-- Found rosidl_generator_cpp: 3.1.7 (/opt/ros/humble/share/rosidl_generator_cpp/cmake)
-- Using all available rosidl_typesupport_c: rosidl_typesupport_fastrtps_c;rosidl_typesupport_introspection_c
-- Using all available rosidl_typesupport_cpp: rosidl_typesupport_fastrtps_cpp;rosidl_typesupport_introspection_cpp
-- Found rmw_implementation_cmake: 6.1.2 (/opt/ros/humble/share/rmw_implementation_cmake/cmake)
-- Found rmw_fastrtps_cpp: 6.2.9 (/opt/ros/humble/share/rmw_fastrtps_cpp/cmake)
-- Found OpenSSL: /usr/lib/x86_64-linux-gnu/libcrypto.so (found version "3.0.2")  
-- Found FastRTPS: /opt/ros/humble/include  
-- Using RMW implementation 'rmw_fastrtps_cpp' as default
-- Looking for pthread.h
-- Looking for pthread.h - found
-- Performing Test CMAKE_HAVE_LIBC_PTHREAD
-- Performing Test CMAKE_HAVE_LIBC_PTHREAD - Success
-- Found Threads: TRUE  
-- Found sensor_msgs: 4.9.0 (/opt/ros/humble/share/sensor_msgs/cmake)
-- Found nav_msgs: 4.9.0 (/opt/ros/humble/share/nav_msgs/cmake)
-- Found tf2_ros: 0.25.16 (/opt/ros/humble/share/tf2_ros/cmake)
-- Found tf2_geometry_msgs: 0.25.16 (/opt/ros/humble/share/tf2_geometry_msgs/cmake)
-- Found eigen3_cmake_module: 0.1.1 (/opt/ros/humble/share/eigen3_cmake_module/cmake)
-- Found Eigen3: TRUE (found version "3.4.0") 
-- Ensuring Eigen3 include directory is part of orocos-kdl CMake target
-- Found OpenCV: /usr (found version "4.5.4") 
-- Configuring done
-- Generating done
-- Build files have been written to: /home/agness/ros2_ws/src/simple_rviz_clone/build/simple_rviz_clone
[ 66%] [32mBuilding CXX object CMakeFiles/simple_rviz_node.dir/src/visualizer.cpp.o[0m
[ 66%] [32mBuilding CXX object CMakeFiles/simple_rviz_node.dir/src/main.cpp.o[0m
[01m[K/home/agness/ros2_ws/src/simple_rviz_clone/src/main.cpp:43:13:[m[K [01;31m[Kerror: [m[K‘[01m[KTimerHandle[m[K’ in namespace ‘[01m[Krclcpp[m[K’ does not name a type; did you mean ‘[01m[KTimerBase[m[K’?
   43 |     rclcpp::[01;31m[KTimerHandle[m[K::SharedPtr render_timer_;
      |             [01;31m[K^~~~~~~~~~~[m[K
      |             [32m[KTimerBase[m[K
[01m[K/home/agness/ros2_ws/src/simple_rviz_clone/src/main.cpp:[m[K In constructor ‘[01m[KSimpleRVizNode::SimpleRVizNode()[m[K’:
[01m[K/home/agness/ros2_ws/src/simple_rviz_clone/src/main.cpp:22:9:[m[K [01;31m[Kerror: [m[K‘[01m[Krender_timer_[m[K’ was not declared in this scope
   22 |         [01;31m[Krender_timer_[m[K = this->create_wall_timer(
      |         [01;31m[K^~~~~~~~~~~~~[m[K
gmake[2]: *** [CMakeFiles/simple_rviz_node.dir/build.make:76: CMakeFiles/simple_rviz_node.dir/src/main.cpp.o] Error 1
gmake[1]: *** [CMakeFiles/Makefile2:137: CMakeFiles/simple_rviz_node.dir/all] Error 2
gmake: *** [Makefile:146: all] Error 2
