[0.019s] Invoking command in '/home/agness/ros2_ws/src/simple_rviz_clone/build/simple_rviz_clone': CMAKE_PREFIX_PATH=/opt/ros/humble /usr/bin/cmake /home/agness/ros2_ws/src/simple_rviz_clone -DCMAKE_INSTALL_PREFIX=/home/agness/ros2_ws/src/simple_rviz_clone/install/simple_rviz_clone
[0.349s] -- The C compiler identification is GNU 11.4.0
[0.537s] -- The CXX compiler identification is GNU 11.4.0
[0.558s] -- Detecting C compiler ABI info
[0.656s] -- Detecting C compiler ABI info - done
[0.662s] -- Check for working C compiler: /usr/bin/cc - skipped
[0.663s] -- Detecting C compile features
[0.665s] -- Detecting C compile features - done
[0.671s] -- Detecting CXX compiler ABI info
[0.769s] -- Detecting CXX compiler ABI info - done
[0.774s] -- Check for working CXX compiler: /usr/bin/c++ - skipped
[0.775s] -- Detecting CXX compile features
[0.775s] -- Detecting CXX compile features - done
[0.800s] -- Found ament_cmake: 1.3.12 (/opt/ros/humble/share/ament_cmake/cmake)
[0.943s] -- Found Python3: /usr/bin/python3 (found version "3.10.12") found components: Interpreter 
[1.080s] -- Found rclcpp: 16.0.15 (/opt/ros/humble/share/rclcpp/cmake)
[1.165s] -- Found rosidl_generator_c: 3.1.7 (/opt/ros/humble/share/rosidl_generator_c/cmake)
[1.174s] -- Found rosidl_adapter: 3.1.7 (/opt/ros/humble/share/rosidl_adapter/cmake)
[1.191s] -- Found rosidl_generator_cpp: 3.1.7 (/opt/ros/humble/share/rosidl_generator_cpp/cmake)
[1.217s] -- Using all available rosidl_typesupport_c: rosidl_typesupport_fastrtps_c;rosidl_typesupport_introspection_c
[1.244s] -- Using all available rosidl_typesupport_cpp: rosidl_typesupport_fastrtps_cpp;rosidl_typesupport_introspection_cpp
[1.322s] -- Found rmw_implementation_cmake: 6.1.2 (/opt/ros/humble/share/rmw_implementation_cmake/cmake)
[1.328s] -- Found rmw_fastrtps_cpp: 6.2.9 (/opt/ros/humble/share/rmw_fastrtps_cpp/cmake)
[1.481s] -- Found OpenSSL: /usr/lib/x86_64-linux-gnu/libcrypto.so (found version "3.0.2")  
[1.505s] -- Found FastRTPS: /opt/ros/humble/include  
[1.539s] -- Using RMW implementation 'rmw_fastrtps_cpp' as default
[1.560s] -- Looking for pthread.h
[1.688s] -- Looking for pthread.h - found
[1.689s] -- Performing Test CMAKE_HAVE_LIBC_PTHREAD
[1.785s] -- Performing Test CMAKE_HAVE_LIBC_PTHREAD - Success
[1.786s] -- Found Threads: TRUE  
[1.906s] -- Found sensor_msgs: 4.9.0 (/opt/ros/humble/share/sensor_msgs/cmake)
[1.969s] -- Found nav_msgs: 4.9.0 (/opt/ros/humble/share/nav_msgs/cmake)
[2.006s] -- Found tf2_ros: 0.25.16 (/opt/ros/humble/share/tf2_ros/cmake)
[2.206s] -- Found tf2_geometry_msgs: 0.25.16 (/opt/ros/humble/share/tf2_geometry_msgs/cmake)
[2.229s] -- Found eigen3_cmake_module: 0.1.1 (/opt/ros/humble/share/eigen3_cmake_module/cmake)
[2.231s] -- Found Eigen3: TRUE (found version "3.4.0") 
[2.231s] -- Ensuring Eigen3 include directory is part of orocos-kdl CMake target
[2.250s] -- Found OpenCV: /usr (found version "4.5.4") 
[2.314s] -- Configuring done
[2.332s] -- Generating done
[2.334s] -- Build files have been written to: /home/agness/ros2_ws/src/simple_rviz_clone/build/simple_rviz_clone
[2.345s] Invoked command in '/home/agness/ros2_ws/src/simple_rviz_clone/build/simple_rviz_clone' returned '0': CMAKE_PREFIX_PATH=/opt/ros/humble /usr/bin/cmake /home/agness/ros2_ws/src/simple_rviz_clone -DCMAKE_INSTALL_PREFIX=/home/agness/ros2_ws/src/simple_rviz_clone/install/simple_rviz_clone
[2.348s] Invoking command in '/home/agness/ros2_ws/src/simple_rviz_clone/build/simple_rviz_clone': CMAKE_PREFIX_PATH=/opt/ros/humble /usr/bin/cmake --build /home/agness/ros2_ws/src/simple_rviz_clone/build/simple_rviz_clone -- -j6 -l6
[2.414s] [ 66%] [32mBuilding CXX object CMakeFiles/simple_rviz_node.dir/src/visualizer.cpp.o[0m
[2.414s] [ 66%] [32mBuilding CXX object CMakeFiles/simple_rviz_node.dir/src/main.cpp.o[0m
[6.213s] [01m[K/home/agness/ros2_ws/src/simple_rviz_clone/src/main.cpp:43:13:[m[K [01;31m[Kerror: [m[K‘[01m[KTimerHandle[m[K’ in namespace ‘[01m[Krclcpp[m[K’ does not name a type; did you mean ‘[01m[KTimerBase[m[K’?
[6.213s]    43 |     rclcpp::[01;31m[KTimerHandle[m[K::SharedPtr render_timer_;
[6.213s]       |             [01;31m[K^~~~~~~~~~~[m[K
[6.214s]       |             [32m[KTimerBase[m[K
[6.237s] [01m[K/home/agness/ros2_ws/src/simple_rviz_clone/src/main.cpp:[m[K In constructor ‘[01m[KSimpleRVizNode::SimpleRVizNode()[m[K’:
[6.237s] [01m[K/home/agness/ros2_ws/src/simple_rviz_clone/src/main.cpp:22:9:[m[K [01;31m[Kerror: [m[K‘[01m[Krender_timer_[m[K’ was not declared in this scope
[6.237s]    22 |         [01;31m[Krender_timer_[m[K = this->create_wall_timer(
[6.237s]       |         [01;31m[K^~~~~~~~~~~~~[m[K
[9.181s] gmake[2]: *** [CMakeFiles/simple_rviz_node.dir/build.make:76: CMakeFiles/simple_rviz_node.dir/src/main.cpp.o] Error 1
[9.182s] gmake[1]: *** [CMakeFiles/Makefile2:137: CMakeFiles/simple_rviz_node.dir/all] Error 2
[9.182s] gmake: *** [Makefile:146: all] Error 2
[9.187s] Invoked command in '/home/agness/ros2_ws/src/simple_rviz_clone/build/simple_rviz_clone' returned '2': CMAKE_PREFIX_PATH=/opt/ros/humble /usr/bin/cmake --build /home/agness/ros2_ws/src/simple_rviz_clone/build/simple_rviz_clone -- -j6 -l6
